2016-11-09 10:42:10 - PHP Notice:  Undefined variable: helloworld_text_field in C:\xampp\htdocs\opencart\admin\view\template\module\rajaongkir.tpl on line 31
2016-11-09 10:42:10 - PHP Notice:  Undefined variable: helloworld_status in C:\xampp\htdocs\opencart\admin\view\template\module\rajaongkir.tpl on line 41
2016-11-09 10:58:10 - PHP Notice:  Undefined variable: helloworld_text_field in C:\xampp\htdocs\opencart\admin\view\template\module\rajaongkir.tpl on line 31
2016-11-09 10:58:10 - PHP Notice:  Undefined variable: helloworld_status in C:\xampp\htdocs\opencart\admin\view\template\module\rajaongkir.tpl on line 41
2016-11-09 10:58:53 - PHP Notice:  Undefined variable: helloworld_status in C:\xampp\htdocs\opencart\admin\view\template\module\rajaongkir.tpl on line 41
2016-11-09 11:00:53 - PHP Notice:  Undefined index: rajaongkir_text_field in C:\xampp\htdocs\opencart\admin\controller\module\rajaongkir.php on line 118
2016-11-09 11:00:53 - PHP Notice:  Undefined variable: helloworld_status in C:\xampp\htdocs\opencart\admin\view\template\module\rajaongkir.tpl on line 41
2016-11-09 11:01:02 - PHP Notice:  Undefined index: rajaongkir_text_field in C:\xampp\htdocs\opencart\admin\controller\module\rajaongkir.php on line 118
2016-11-09 11:01:02 - PHP Notice:  Undefined variable: helloworld_status in C:\xampp\htdocs\opencart\admin\view\template\module\rajaongkir.tpl on line 41
2016-11-09 11:02:01 - PHP Notice:  Undefined variable: helloworld_status in C:\xampp\htdocs\opencart\admin\view\template\module\rajaongkir.tpl on line 41
2016-11-09 11:02:12 - PHP Notice:  Undefined variable: helloworld_status in C:\xampp\htdocs\opencart\admin\view\template\module\rajaongkir.tpl on line 41
2016-11-13 7:21:43 - PHP Notice:  Undefined variable: helloworld_status in C:\xampp\htdocs\opencart\admin\view\template\module\rajaongkir.tpl on line 41
2016-11-13 7:31:01 - PHP Notice:  Undefined variable: entry_base_url_api in C:\xampp\htdocs\opencart\admin\view\template\module\rajaongkir.tpl on line 38
2016-11-13 7:31:01 - PHP Notice:  Undefined variable: helloworld_status in C:\xampp\htdocs\opencart\admin\view\template\module\rajaongkir.tpl on line 49
2016-11-13 7:32:44 - PHP Notice:  Undefined variable: entry_base_url_api in C:\xampp\htdocs\opencart\admin\view\template\module\rajaongkir.tpl on line 38
2016-11-13 7:32:44 - PHP Notice:  Undefined variable: helloworld_status in C:\xampp\htdocs\opencart\admin\view\template\module\rajaongkir.tpl on line 49
2016-11-13 7:34:27 - PHP Notice:  Undefined variable: helloworld_status in C:\xampp\htdocs\opencart\admin\view\template\module\rajaongkir.tpl on line 49
2016-11-13 7:34:42 - PHP Notice:  Undefined variable: helloworld_status in C:\xampp\htdocs\opencart\admin\view\template\module\rajaongkir.tpl on line 49
2016-11-13 7:35:59 - PHP Notice:  Undefined variable: helloworld_status in C:\xampp\htdocs\opencart\admin\view\template\module\rajaongkir.tpl on line 50
2016-11-13 7:36:51 - PHP Notice:  Undefined variable: helloworld_status in C:\xampp\htdocs\opencart\admin\view\template\module\rajaongkir.tpl on line 50
2016-11-13 7:49:19 - PHP Notice:  Undefined variable: helloworld_status in C:\xampp\htdocs\opencart\admin\view\template\module\rajaongkir.tpl on line 50
2016-11-13 7:50:18 - PHP Notice:  Undefined variable: helloworld_status in C:\xampp\htdocs\opencart\admin\view\template\module\rajaongkir.tpl on line 50
2016-11-13 7:54:47 - PHP Notice:  Undefined variable: helloworld_status in C:\xampp\htdocs\opencart\admin\view\template\module\rajaongkir.tpl on line 54
2016-11-13 7:55:24 - PHP Notice:  Undefined variable: helloworld_status in C:\xampp\htdocs\opencart\admin\view\template\module\rajaongkir.tpl on line 54
2016-11-13 7:55:50 - PHP Notice:  Undefined variable: helloworld_status in C:\xampp\htdocs\opencart\admin\view\template\module\rajaongkir.tpl on line 54
2016-11-13 7:58:02 - PHP Notice:  Undefined index: rajaongkir_text_field in C:\xampp\htdocs\opencart\admin\controller\module\rajaongkir.php on line 119
2016-11-13 7:58:02 - PHP Notice:  Undefined variable: helloworld_status in C:\xampp\htdocs\opencart\admin\view\template\module\rajaongkir.tpl on line 54
2016-11-13 8:00:02 - PHP Notice:  Undefined variable: helloworld_status in C:\xampp\htdocs\opencart\admin\view\template\module\rajaongkir.tpl on line 54
2016-11-13 8:00:11 - PHP Notice:  Undefined index: rajaongkir_text_field in C:\xampp\htdocs\opencart\admin\controller\module\rajaongkir.php on line 119
2016-11-13 8:00:11 - PHP Notice:  Undefined variable: helloworld_status in C:\xampp\htdocs\opencart\admin\view\template\module\rajaongkir.tpl on line 54
2016-11-13 8:00:32 - PHP Notice:  Undefined variable: helloworld_status in C:\xampp\htdocs\opencart\admin\view\template\module\rajaongkir.tpl on line 54
2016-11-13 8:04:11 - PHP Notice:  Undefined variable: helloworld_status in C:\xampp\htdocs\opencart\admin\view\template\module\rajaongkir.tpl on line 54
2016-11-13 8:04:23 - PHP Notice:  Undefined index: key_api in C:\xampp\htdocs\opencart\admin\controller\module\rajaongkir.php on line 116
2016-11-13 8:04:23 - PHP Notice:  Undefined variable: helloworld_status in C:\xampp\htdocs\opencart\admin\view\template\module\rajaongkir.tpl on line 54
2016-11-13 8:05:31 - PHP Notice:  Undefined variable: helloworld_status in C:\xampp\htdocs\opencart\admin\view\template\module\rajaongkir.tpl on line 54
2016-11-13 8:05:37 - PHP Notice:  Undefined variable: helloworld_status in C:\xampp\htdocs\opencart\admin\view\template\module\rajaongkir.tpl on line 54
2016-11-13 8:05:39 - PHP Notice:  Undefined variable: helloworld_status in C:\xampp\htdocs\opencart\admin\view\template\module\rajaongkir.tpl on line 54
2016-11-13 8:06:30 - PHP Notice:  Undefined variable: helloworld_status in C:\xampp\htdocs\opencart\admin\view\template\module\rajaongkir.tpl on line 51
2016-11-13 8:06:32 - PHP Notice:  Undefined variable: helloworld_status in C:\xampp\htdocs\opencart\admin\view\template\module\rajaongkir.tpl on line 51
2016-11-13 8:06:33 - PHP Notice:  Undefined variable: helloworld_status in C:\xampp\htdocs\opencart\admin\view\template\module\rajaongkir.tpl on line 51
2016-11-13 8:07:01 - PHP Notice:  Undefined variable: error_raja_ongkir_key_api in C:\xampp\htdocs\opencart\admin\view\template\module\rajaongkir.tpl on line 32
2016-11-13 8:07:01 - PHP Notice:  Undefined variable: helloworld_status in C:\xampp\htdocs\opencart\admin\view\template\module\rajaongkir.tpl on line 51
2016-11-13 8:07:15 - PHP Notice:  Undefined variable: error_raja_ongkir_key_api in C:\xampp\htdocs\opencart\admin\view\template\module\rajaongkir.tpl on line 32
2016-11-13 8:07:15 - PHP Notice:  Undefined variable: helloworld_status in C:\xampp\htdocs\opencart\admin\view\template\module\rajaongkir.tpl on line 51
2016-11-13 8:07:56 - PHP Notice:  Undefined variable: error_raja_ongkir_key_api in C:\xampp\htdocs\opencart\admin\view\template\module\rajaongkir.tpl on line 32
2016-11-13 8:07:56 - PHP Notice:  Undefined variable: helloworld_status in C:\xampp\htdocs\opencart\admin\view\template\module\rajaongkir.tpl on line 51
2016-11-13 8:09:19 - PHP Notice:  Undefined variable: helloworld_status in C:\xampp\htdocs\opencart\admin\view\template\module\rajaongkir.tpl on line 51
2016-11-13 8:09:21 - PHP Notice:  Undefined index: v in C:\xampp\htdocs\opencart\admin\controller\module\rajaongkir.php on line 59
2016-11-13 8:09:21 - PHP Notice:  Undefined variable: helloworld_status in C:\xampp\htdocs\opencart\admin\view\template\module\rajaongkir.tpl on line 51
2016-11-13 8:09:35 - PHP Notice:  Undefined variable: helloworld_status in C:\xampp\htdocs\opencart\admin\view\template\module\rajaongkir.tpl on line 51
2016-11-13 8:09:37 - PHP Notice:  Undefined variable: helloworld_status in C:\xampp\htdocs\opencart\admin\view\template\module\rajaongkir.tpl on line 51
2016-11-13 8:11:00 - PHP Notice:  Undefined variable: helloworld_status in C:\xampp\htdocs\opencart\admin\view\template\module\rajaongkir.tpl on line 51
2016-11-13 8:13:02 - PHP Notice:  Undefined variable: helloworld_status in C:\xampp\htdocs\opencart\admin\view\template\module\rajaongkir.tpl on line 51
2016-11-13 8:13:05 - PHP Notice:  Undefined variable: helloworld_status in C:\xampp\htdocs\opencart\admin\view\template\module\rajaongkir.tpl on line 51
2016-11-13 8:13:07 - PHP Notice:  Undefined variable: helloworld_status in C:\xampp\htdocs\opencart\admin\view\template\module\rajaongkir.tpl on line 51
2016-11-13 8:13:26 - PHP Notice:  Undefined variable: helloworld_status in C:\xampp\htdocs\opencart\admin\view\template\module\rajaongkir.tpl on line 51
2016-11-13 8:15:44 - PHP Notice:  Undefined variable: helloworld_status in C:\xampp\htdocs\opencart\admin\view\template\module\rajaongkir.tpl on line 51
2016-11-13 8:17:31 - PHP Notice:  Undefined variable: helloworld_status in C:\xampp\htdocs\opencart\admin\view\template\module\rajaongkir.tpl on line 51
2016-11-13 10:17:23 - PHP Notice:  Undefined variable: custom_cost in C:\xampp\htdocs\opencart\admin\view\template\shipping\raja_ongkir.tpl on line 31
2016-11-13 10:17:23 - PHP Notice:  Undefined variable: custom_tax_class_id in C:\xampp\htdocs\opencart\admin\view\template\shipping\raja_ongkir.tpl on line 40
2016-11-13 10:17:23 - PHP Notice:  Undefined variable: custom_tax_class_id in C:\xampp\htdocs\opencart\admin\view\template\shipping\raja_ongkir.tpl on line 40
2016-11-13 10:17:23 - PHP Notice:  Undefined variable: custom_geo_zone_id in C:\xampp\htdocs\opencart\admin\view\template\shipping\raja_ongkir.tpl on line 55
2016-11-13 10:17:23 - PHP Notice:  Undefined variable: custom_geo_zone_id in C:\xampp\htdocs\opencart\admin\view\template\shipping\raja_ongkir.tpl on line 55
2016-11-13 10:17:23 - PHP Notice:  Undefined variable: custom_status in C:\xampp\htdocs\opencart\admin\view\template\shipping\raja_ongkir.tpl on line 68
2016-11-13 10:17:23 - PHP Notice:  Undefined variable: custom_sort_order in C:\xampp\htdocs\opencart\admin\view\template\shipping\raja_ongkir.tpl on line 81
2016-11-13 10:21:43 - PHP Notice:  Undefined variable: entry_key_api in C:\xampp\htdocs\opencart\admin\view\template\shipping\raja_ongkir.tpl on line 35
2016-11-13 10:21:43 - PHP Notice:  Undefined variable: raja_ongkir_key_api in C:\xampp\htdocs\opencart\admin\view\template\shipping\raja_ongkir.tpl on line 37
2016-11-13 10:21:43 - PHP Notice:  Undefined variable: error_raja_ongkir_key_api in C:\xampp\htdocs\opencart\admin\view\template\shipping\raja_ongkir.tpl on line 38
2016-11-13 10:21:43 - PHP Notice:  Undefined variable: entry_type_api in C:\xampp\htdocs\opencart\admin\view\template\shipping\raja_ongkir.tpl on line 44
2016-11-13 10:21:43 - PHP Notice:  Undefined variable: raja_ongkir_type_api in C:\xampp\htdocs\opencart\admin\view\template\shipping\raja_ongkir.tpl on line 47
2016-11-13 10:21:43 - PHP Notice:  Undefined variable: raja_ongkir_type_api in C:\xampp\htdocs\opencart\admin\view\template\shipping\raja_ongkir.tpl on line 48
2016-11-13 10:21:43 - PHP Notice:  Undefined variable: raja_ongkir_type_api in C:\xampp\htdocs\opencart\admin\view\template\shipping\raja_ongkir.tpl on line 49
2016-11-13 10:22:32 - PHP Notice:  Undefined variable: entry_key_api in C:\xampp\htdocs\opencart\admin\view\template\shipping\raja_ongkir.tpl on line 35
2016-11-13 10:22:32 - PHP Notice:  Undefined variable: raja_ongkir_key_api in C:\xampp\htdocs\opencart\admin\view\template\shipping\raja_ongkir.tpl on line 37
2016-11-13 10:22:32 - PHP Notice:  Undefined variable: error_raja_ongkir_key_api in C:\xampp\htdocs\opencart\admin\view\template\shipping\raja_ongkir.tpl on line 38
2016-11-13 10:22:32 - PHP Notice:  Undefined variable: entry_type_api in C:\xampp\htdocs\opencart\admin\view\template\shipping\raja_ongkir.tpl on line 44
2016-11-13 10:22:32 - PHP Notice:  Undefined variable: raja_ongkir_type_api in C:\xampp\htdocs\opencart\admin\view\template\shipping\raja_ongkir.tpl on line 47
2016-11-13 10:22:32 - PHP Notice:  Undefined variable: raja_ongkir_type_api in C:\xampp\htdocs\opencart\admin\view\template\shipping\raja_ongkir.tpl on line 48
2016-11-13 10:22:32 - PHP Notice:  Undefined variable: raja_ongkir_type_api in C:\xampp\htdocs\opencart\admin\view\template\shipping\raja_ongkir.tpl on line 49
2016-11-13 10:24:56 - PHP Notice:  Undefined variable: raja_ongkir_cost in C:\xampp\htdocs\opencart\admin\view\template\shipping\raja_ongkir.tpl on line 31
2016-11-13 10:24:56 - PHP Notice:  Undefined variable: entry_key_api in C:\xampp\htdocs\opencart\admin\view\template\shipping\raja_ongkir.tpl on line 35
2016-11-13 10:24:56 - PHP Notice:  Undefined variable: error_raja_ongkir_key_api in C:\xampp\htdocs\opencart\admin\view\template\shipping\raja_ongkir.tpl on line 38
2016-11-13 10:24:56 - PHP Notice:  Undefined variable: entry_type_api in C:\xampp\htdocs\opencart\admin\view\template\shipping\raja_ongkir.tpl on line 44
2016-11-13 10:24:56 - PHP Notice:  Undefined variable: raja_ongkir_tax_class_id in C:\xampp\htdocs\opencart\admin\view\template\shipping\raja_ongkir.tpl on line 59
2016-11-13 10:24:56 - PHP Notice:  Undefined variable: raja_ongkir_tax_class_id in C:\xampp\htdocs\opencart\admin\view\template\shipping\raja_ongkir.tpl on line 59
2016-11-13 10:24:56 - PHP Notice:  Undefined variable: raja_ongkir_geo_zone_id in C:\xampp\htdocs\opencart\admin\view\template\shipping\raja_ongkir.tpl on line 74
2016-11-13 10:24:56 - PHP Notice:  Undefined variable: raja_ongkir_geo_zone_id in C:\xampp\htdocs\opencart\admin\view\template\shipping\raja_ongkir.tpl on line 74
2016-11-13 10:26:41 - PHP Notice:  Undefined variable: raja_ongkir_cost in C:\xampp\htdocs\opencart\admin\view\template\shipping\raja_ongkir.tpl on line 31
2016-11-13 10:26:41 - PHP Notice:  Undefined variable: error_raja_ongkir_key_api in C:\xampp\htdocs\opencart\admin\view\template\shipping\raja_ongkir.tpl on line 38
2016-11-13 10:26:41 - PHP Notice:  Undefined variable: raja_ongkir_tax_class_id in C:\xampp\htdocs\opencart\admin\view\template\shipping\raja_ongkir.tpl on line 59
2016-11-13 10:26:41 - PHP Notice:  Undefined variable: raja_ongkir_tax_class_id in C:\xampp\htdocs\opencart\admin\view\template\shipping\raja_ongkir.tpl on line 59
2016-11-13 10:26:41 - PHP Notice:  Undefined variable: raja_ongkir_geo_zone_id in C:\xampp\htdocs\opencart\admin\view\template\shipping\raja_ongkir.tpl on line 74
2016-11-13 10:26:41 - PHP Notice:  Undefined variable: raja_ongkir_geo_zone_id in C:\xampp\htdocs\opencart\admin\view\template\shipping\raja_ongkir.tpl on line 74
2016-11-13 10:27:15 - PHP Notice:  Undefined variable: raja_ongkir_cost in C:\xampp\htdocs\opencart\admin\view\template\shipping\raja_ongkir.tpl on line 31
2016-11-13 10:27:15 - PHP Notice:  Undefined variable: error_raja_ongkir_key_api in C:\xampp\htdocs\opencart\admin\view\template\shipping\raja_ongkir.tpl on line 38
2016-11-13 10:27:15 - PHP Notice:  Undefined variable: raja_ongkir_tax_class_id in C:\xampp\htdocs\opencart\admin\view\template\shipping\raja_ongkir.tpl on line 59
2016-11-13 10:27:15 - PHP Notice:  Undefined variable: raja_ongkir_tax_class_id in C:\xampp\htdocs\opencart\admin\view\template\shipping\raja_ongkir.tpl on line 59
2016-11-13 10:27:15 - PHP Notice:  Undefined variable: raja_ongkir_geo_zone_id in C:\xampp\htdocs\opencart\admin\view\template\shipping\raja_ongkir.tpl on line 74
2016-11-13 10:27:15 - PHP Notice:  Undefined variable: raja_ongkir_geo_zone_id in C:\xampp\htdocs\opencart\admin\view\template\shipping\raja_ongkir.tpl on line 74
2016-11-13 10:27:18 - PHP Notice:  Undefined variable: raja_ongkir_cost in C:\xampp\htdocs\opencart\admin\view\template\shipping\raja_ongkir.tpl on line 31
2016-11-13 10:27:18 - PHP Notice:  Undefined variable: error_raja_ongkir_key_api in C:\xampp\htdocs\opencart\admin\view\template\shipping\raja_ongkir.tpl on line 38
2016-11-13 10:27:18 - PHP Notice:  Undefined variable: raja_ongkir_tax_class_id in C:\xampp\htdocs\opencart\admin\view\template\shipping\raja_ongkir.tpl on line 59
2016-11-13 10:27:18 - PHP Notice:  Undefined variable: raja_ongkir_tax_class_id in C:\xampp\htdocs\opencart\admin\view\template\shipping\raja_ongkir.tpl on line 59
2016-11-13 10:27:18 - PHP Notice:  Undefined variable: raja_ongkir_geo_zone_id in C:\xampp\htdocs\opencart\admin\view\template\shipping\raja_ongkir.tpl on line 74
2016-11-13 10:27:18 - PHP Notice:  Undefined variable: raja_ongkir_geo_zone_id in C:\xampp\htdocs\opencart\admin\view\template\shipping\raja_ongkir.tpl on line 74
2016-11-13 10:28:12 - PHP Notice:  Undefined variable: raja_ongkir_cost in C:\xampp\htdocs\opencart\admin\view\template\shipping\raja_ongkir.tpl on line 31
2016-11-13 10:28:12 - PHP Notice:  Undefined variable: error_raja_ongkir_key_api in C:\xampp\htdocs\opencart\admin\view\template\shipping\raja_ongkir.tpl on line 38
2016-11-13 10:28:12 - PHP Notice:  Undefined variable: raja_ongkir_tax_class_id in C:\xampp\htdocs\opencart\admin\view\template\shipping\raja_ongkir.tpl on line 59
2016-11-13 10:28:12 - PHP Notice:  Undefined variable: raja_ongkir_tax_class_id in C:\xampp\htdocs\opencart\admin\view\template\shipping\raja_ongkir.tpl on line 59
2016-11-13 10:28:12 - PHP Notice:  Undefined variable: raja_ongkir_geo_zone_id in C:\xampp\htdocs\opencart\admin\view\template\shipping\raja_ongkir.tpl on line 74
2016-11-13 10:28:12 - PHP Notice:  Undefined variable: raja_ongkir_geo_zone_id in C:\xampp\htdocs\opencart\admin\view\template\shipping\raja_ongkir.tpl on line 74
2016-11-13 10:28:13 - PHP Notice:  Undefined variable: raja_ongkir_cost in C:\xampp\htdocs\opencart\admin\view\template\shipping\raja_ongkir.tpl on line 31
2016-11-13 10:28:13 - PHP Notice:  Undefined variable: error_raja_ongkir_key_api in C:\xampp\htdocs\opencart\admin\view\template\shipping\raja_ongkir.tpl on line 38
2016-11-13 10:28:13 - PHP Notice:  Undefined variable: raja_ongkir_tax_class_id in C:\xampp\htdocs\opencart\admin\view\template\shipping\raja_ongkir.tpl on line 59
2016-11-13 10:28:13 - PHP Notice:  Undefined variable: raja_ongkir_tax_class_id in C:\xampp\htdocs\opencart\admin\view\template\shipping\raja_ongkir.tpl on line 59
2016-11-13 10:28:13 - PHP Notice:  Undefined variable: raja_ongkir_geo_zone_id in C:\xampp\htdocs\opencart\admin\view\template\shipping\raja_ongkir.tpl on line 74
2016-11-13 10:28:13 - PHP Notice:  Undefined variable: raja_ongkir_geo_zone_id in C:\xampp\htdocs\opencart\admin\view\template\shipping\raja_ongkir.tpl on line 74
2016-11-13 10:28:49 - PHP Notice:  Undefined variable: raja_ongkir_cost in C:\xampp\htdocs\opencart\admin\view\template\shipping\raja_ongkir.tpl on line 31
2016-11-13 10:28:49 - PHP Notice:  Undefined variable: raja_ongkir_tax_class_id in C:\xampp\htdocs\opencart\admin\view\template\shipping\raja_ongkir.tpl on line 59
2016-11-13 10:28:49 - PHP Notice:  Undefined variable: raja_ongkir_tax_class_id in C:\xampp\htdocs\opencart\admin\view\template\shipping\raja_ongkir.tpl on line 59
2016-11-13 10:28:49 - PHP Notice:  Undefined variable: raja_ongkir_geo_zone_id in C:\xampp\htdocs\opencart\admin\view\template\shipping\raja_ongkir.tpl on line 74
2016-11-13 10:28:49 - PHP Notice:  Undefined variable: raja_ongkir_geo_zone_id in C:\xampp\htdocs\opencart\admin\view\template\shipping\raja_ongkir.tpl on line 74
2016-11-13 10:31:46 - PHP Notice:  Undefined variable: raja_ongkir_cost in C:\xampp\htdocs\opencart\admin\view\template\shipping\raja_ongkir.tpl on line 31
2016-11-13 10:31:46 - PHP Notice:  Undefined variable: raja_ongkir_tax_class_id in C:\xampp\htdocs\opencart\admin\view\template\shipping\raja_ongkir.tpl on line 59
2016-11-13 10:31:46 - PHP Notice:  Undefined variable: raja_ongkir_tax_class_id in C:\xampp\htdocs\opencart\admin\view\template\shipping\raja_ongkir.tpl on line 59
2016-11-13 10:31:46 - PHP Notice:  Undefined variable: raja_ongkir_geo_zone_id in C:\xampp\htdocs\opencart\admin\view\template\shipping\raja_ongkir.tpl on line 74
2016-11-13 10:31:46 - PHP Notice:  Undefined variable: raja_ongkir_geo_zone_id in C:\xampp\htdocs\opencart\admin\view\template\shipping\raja_ongkir.tpl on line 74
