2016-12-17 16:10:32 - MOD: Modification Default
FILE: system/engine/action.php
REGEX: ~(require|include)(_once)?\(([^)]+)~
LINE: 58
FILE: system/engine/loader.php
REGEX: ~(require|include)(_once)?\(([^)]+)~
LINE: 20
LINE: 37
LINE: 54
LINE: 65
FILE: system/library/config.php
REGEX: ~(require|include)(_once)?\(([^)]+)~
LINE: 23
FILE: system/library/language.php
REGEX: ~(require|include)(_once)?\(([^)]+)~
LINE: 21
LINE: 27
----------------------------------------------------------------
MOD: Journal2
CODE: public function __construct($registry) {
LINE: 15
FILE: admin/controller/common/menu.php
CODE: $this->load->language('common/menu');
LINE: 19
FILE: admin/view/template/common/menu.tpl
CODE: <li><a class="parent"><?php echo $text_marketing; ?></a>
LINE: 201
FILE: admin/controller/common/column_left.php
CODE: $this->load->language('common/column_left');
NOT FOUND!
FILE: admin/view/template/common/column_left.tpl
CODE: <div id="stats">
NOT FOUND!
FILE: admin/controller/marketing/contact.php
CODE: $this->load->model('sale/customer');
LINE: 98
CODE: $email_total = $this->model_sale_customer->getTotalCustomers($customer_data);
LINE: 124
CODE: $results = $this->model_sale_customer->getCustomers($customer_data);
LINE: 126
CODE: $this->load->model('customer/customer');
NOT FOUND!
FILE: admin/controller/tool/backup.php
CODE: $this->error['warning'] = $this->language->get('error_empty');
LINE: 25
CODE: public function index() {
LINE: 10
FILE: admin/view/template/tool/backup.tpl
CODE: <input type="file" name="import" id="input-import" />
LINE: 36
FILE: admin/model/tool/backup.php
CODE: $values .= '\'' . $value . '\', ';
LINE: 83
CODE: $output .= 'TRUNCATE TABLE `' . $table . '`;' . "\n\n";
LINE: 53
CODE: $sql = trim($sql);
LINE: 17
FILE: catalog/controller/common/header.php
CODE: $categories = $this->model_catalog_category->getCategories(0);
LINE: 94
FILE: catalog/controller/common/footer.php
CODE: foreach ($this->model_catalog_information->getInformations() as $result) {
LINE: 24
FILE: system/library/response.php
CODE: if ($this->output) {
LINE: 83
FILE: catalog/model/tool/image.php
CODE: return $this->config->get('config_ssl') . 'image/' . $new_image;
LINE: 37
CODE: return $this->config->get('config_url') . 'image/' . $new_image;
LINE: 39
CODE: return $this->config->get('config_ssl') . 'image/' . $image_new;
NOT FOUND!
CODE: return $this->config->get('config_url') . 'image/' . $image_new;
NOT FOUND!
CODE: public function resize($filename, $width, $height) {
LINE: 2
CODE: $image->resize($width, $height);
LINE: 29
FILE: admin/model/extension/module.php
CODE: $this->db->query("DELETE FROM `" . DB_PREFIX . "layout_module` WHERE `code` LIKE '%." . (int)$module_id . "'");
LINE: 12
CODE: public function deleteModulesByCode($code) {
LINE: 42
FILE: admin/model/design/layout.php
CODE: $query = $this->db->query("SELECT * FROM " . DB_PREFIX . "layout_module WHERE layout_id = '" . (int)$layout_id . "'");
LINE: 110
CODE: $query = $this->db->query("SELECT * FROM " . DB_PREFIX . "layout_module WHERE layout_id = '" . (int)$layout_id . "' ORDER BY position ASC, sort_order ASC");
NOT FOUND!
CODE: $this->db->query("DELETE FROM " . DB_PREFIX . "layout_module WHERE layout_id = '" . (int)$layout_id . "'");
LINE: 39
FILE: catalog/controller/common/content_top.php
CODE: $part = explode('.', $module['code']);
LINE: 63
FILE: catalog/controller/common/content_bottom.php
CODE: $part = explode('.', $module['code']);
LINE: 63
FILE: catalog/controller/common/column_left.php
CODE: $part = explode('.', $module['code']);
LINE: 63
FILE: catalog/controller/common/column_right.php
CODE: $part = explode('.', $module['code']);
LINE: 63
FILE: catalog/model/design/layout.php
CODE: $query = $this->db->query("SELECT * FROM " . DB_PREFIX . "layout_route WHERE '" . $this->db->escape($route) . "' LIKE route AND store_id = '" . (int)$this->config->get('config_store_id') . "' ORDER BY route DESC LIMIT 1");
LINE: 3
CODE: $query = $this->db->query("SELECT * FROM " . DB_PREFIX . "layout_module WHERE layout_id = '" . (int)$layout_id . "' AND position = '" . $this->db->escape($position) . "' ORDER BY sort_order");
LINE: 13
FILE: catalog/controller/product/product.php
CODE: if ((float)$product_info['special']) {
LINE: 320
CODE: $data['products'][] = array(
LINE: 448
CODE: 'special'     => $special,
LINE: 457
FILE: catalog/controller/product/category.php
CODE: $data['products'][] = array(
LINE: 223
CODE: 'special'     => $special,
LINE: 232
FILE: catalog/controller/product/manufacturer.php
CODE: $data['products'][] = array(
LINE: 224
CODE: 'special'     => $special,
LINE: 233
FILE: catalog/controller/product/search.php
CODE: $data['products'][] = array(
LINE: 256
CODE: 'special'     => $special,
LINE: 265
FILE: catalog/controller/product/special.php
CODE: $data['products'][] = array(
LINE: 141
CODE: 'special'     => $special,
LINE: 150
FILE: catalog/controller/checkout/cart.php
CODE: $json['success'] = sprintf($this->language->get('text_success'), $this->url->link('product/product', 'product_id=' . $this->request->post['product_id']), $product_info['name'], $this->url->link('checkout/cart'));
LINE: 343
FILE: catalog/controller/account/wishlist.php
CODE: $json['total'] = sprintf($this->language->get('text_wishlist'), (isset($this->session->data['wishlist']) ? count($this->session->data['wishlist']) : 0));
LINE: 175
CODE: $json['total'] = sprintf($this->language->get('text_wishlist'), $this->model_account_wishlist->getTotalWishlist());
NOT FOUND!
FILE: catalog/controller/product/compare.php
CODE: $json['success'] = sprintf($this->language->get('text_success'), $this->url->link('product/product', 'product_id=' . $this->request->post['product_id']), $product_info['name'], $this->url->link('product/compare'));
LINE: 196
FILE: catalog/controller/common/cart.php
CODE: $image = '';
LINE: 59
CODE: $image = '';
LINE: 93
CODE: $data['popup'] = '';
LINE: 284
CODE: $data['thumb'] = '';
LINE: 290
CODE: $data['manufacturer'] = $product_info['manufacturer'];
LINE: 285
CODE: $this->model_tool_image->resize($option_value['image'], 50, 50),
LINE: 380
CODE: $data['popup'] = $this->model_tool_image->resize($product_info['image'], $this->config->get('config_image_popup_width'), $this->config->get('config_image_popup_height'));
LINE: 303
CODE: $data['thumb'] = $this->model_tool_image->resize($product_info['image'], $this->config->get('config_image_thumb_width'), $this->config->get('config_image_thumb_height'));
LINE: 310
CODE: $data['popup'] = $this->model_tool_image->resize($product_info['image'], $this->config->get($this->config->get('config_theme') . '_image_popup_width'), $this->config->get($this->config->get('config_theme') . '_image_popup_height'));
NOT FOUND!
CODE: $data['thumb'] = $this->model_tool_image->resize($product_info['image'], $this->config->get($this->config->get('config_theme') . '_image_thumb_width'), $this->config->get($this->config->get('config_theme') . '_image_thumb_height'));
NOT FOUND!
CODE: $data['popup'] = $this->model_tool_image->resize($product_info['image'], $this->config->get($this->config->get('config_theme') . '_image_popup_width'), $this->config->get($this->config->get('config_theme') . '_image_popup_height'));
NOT FOUND!
CODE: $data['images'][] = array(
LINE: 321
CODE: $this->load->model('catalog/product');
LINE: 159
CODE: if ($product_info['quantity'] <= 0) {
LINE: 303
CODE: 'thumb'       => $image,
LINE: 488
CODE: $this->load->model('catalog/product');
LINE: 8
LINE: 183
CODE: 'thumb'        => $image,
LINE: 121
CODE: $this->load->model('catalog/product');
LINE: 14
LINE: 158
CODE: 'thumb'      => $image,
LINE: 113
CODE: $this->load->model('catalog/product');
LINE: 10
CODE: 'thumb'       => $image,
LINE: 231
CODE: $this->load->model('catalog/product');
LINE: 75
CODE: 'thumb'       => $image,
LINE: 232
CODE: $this->load->model('catalog/product');
LINE: 10
CODE: 'thumb'       => $image,
LINE: 264
CODE: $this->load->model('catalog/product');
LINE: 8
CODE: 'thumb'       => $image,
LINE: 149
CODE: $data['products'][] = array(
LINE: 492
CODE: 'thumb'       => $image,
LINE: 497
CODE: $data['products'][] = array(
LINE: 235
CODE: 'thumb'       => $image,
LINE: 240
CODE: $data['products'][] = array(
LINE: 236
CODE: 'thumb'       => $image,
LINE: 241
CODE: $data['products'][] = array(
LINE: 268
CODE: 'thumb'       => $image,
LINE: 273
CODE: $data['products'][] = array(
LINE: 153
CODE: 'thumb'       => $image,
LINE: 158
FILE: catalog/controller/feed/google_sitemap.php
CODE: $output .= '</urlset>';
LINE: 84
FILE: catalog/controller/common/seo_url.php
CODE: if ($query->num_rows) {
LINE: 42
CODE: if ($url[0] == 'product_id') {
LINE: 54
CODE: if (!isset($this->request->get['route'])) {
LINE: 91
CODE: public function rewrite($link) {
LINE: 113
CODE: $key == 'path'
LINE: 150
CODE: if ($url) {
LINE: 174
CODE: $layout_id = 0;
LINE: 22
CODE: $layout_id = 0;
LINE: 22
CODE: $layout_id = 0;
LINE: 22
CODE: $layout_id = 0;
LINE: 22
FILE: admin/controller/common/filemanager.php
CODE: . 'catalog
LINE: 13
LINE: 15
LINE: 70
LINE: 212
LINE: 214
LINE: 295
LINE: 297
LINE: 351
CODE: realpath($directory . '/' . $filter_name))
NOT FOUND!
CODE: $name = str_split(basename($image), 14);
LINE: 58
CODE: } elseif (is_file($image)) {
LINE: 92
FILE: admin/view/template/common/filemanager.tpl
CODE: class="modal-dialog modal-lg"
LINE: 47
CODE: $('a.directory').on('click', function(e) {
LINE: 130
CODE: //--></script>
LINE: 314
CODE: <?php } else { ?>
LINE: 104
CODE: $('#modal-image').load($(this).attr('href'));
LINE: 133
LINE: 139
LINE: 145
LINE: 151
FILE: catalog/controller/checkout/checkout.php
CODE: $data['breadcrumbs'] = array();
LINE: 43
FILE: admin/model/localisation/currency.php
CODE: $this->db->query("UPDATE " . DB_PREFIX . "currency SET value = '1.00000', date_modified = '" .  $this->db->escape(date('Y-m-d H:i:s')) . "' WHERE code = '" . $this->db->escape($this->config->get('config_currency')) . "'");
LINE: 146
FILE: catalog/controller/common/maintenance.php
CODE: if (($route != 'payment' && $route != 'api') && !$this->user->isLogged()) {
LINE: 19
----------------------------------------------------------------
